Determining if the pthread_create exist failed with the following output:
Change Dir: /home/behailu/Workspace/OpenCog/Advanced_Cpp/Advanced-Cpp/cmake-build-debug/CMakeFiles/CMakeTmp

Run Build Command:"/usr/bin/make" "cmTC_12451/fast"
/usr/bin/make -f CMakeFiles/cmTC_12451.dir/build.make CMakeFiles/cmTC_12451.dir/build
make[1]: Entering directory '/home/behailu/Workspace/OpenCog/Advanced_Cpp/Advanced-Cpp/cmake-build-debug/CMakeFiles/CMakeTmp'
Building C object CMakeFiles/cmTC_12451.dir/CheckSymbolExists.c.o
/usr/bin/cc    -o CMakeFiles/cmTC_12451.dir/CheckSymbolExists.c.o   -c /home/behailu/Workspace/OpenCog/Advanced_Cpp/Advanced-Cpp/cmake-build-debug/CMakeFiles/CMakeTmp/CheckSymbolExists.c
Linking C executable cmTC_12451
/home/behailu/Downloads/Setup/clion-2018.1.5/bin/cmake/bin/cmake -E cmake_link_script CMakeFiles/cmTC_12451.dir/link.txt --verbose=1
/usr/bin/cc      CMakeFiles/cmTC_12451.dir/CheckSymbolExists.c.o  -o cmTC_12451 
CMakeFiles/cmTC_12451.dir/CheckSymbolExists.c.o: In function `main':
CheckSymbolExists.c:(.text+0x16): undefined reference to `pthread_create'
collect2: error: ld returned 1 exit status
CMakeFiles/cmTC_12451.dir/build.make:97: recipe for target 'cmTC_12451' failed
make[1]: *** [cmTC_12451] Error 1
make[1]: Leaving directory '/home/behailu/Workspace/OpenCog/Advanced_Cpp/Advanced-Cpp/cmake-build-debug/CMakeFiles/CMakeTmp'
Makefile:126: recipe for target 'cmTC_12451/fast' failed
make: *** [cmTC_12451/fast] Error 2

File /home/behailu/Workspace/OpenCog/Advanced_Cpp/Advanced-Cpp/cmake-build-debug/CMakeFiles/CMakeTmp/CheckSymbolExists.c:
/* */
#include <pthread.h>

int main(int argc, char** argv)
{
  (void)argv;
#ifndef pthread_create
  return ((int*)(&pthread_create))[argc];
#else
  (void)argc;
  return 0;
#endif
}

Determining if the function pthread_create exists in the pthreads failed with the following output:
Change Dir: /home/behailu/Workspace/OpenCog/Advanced_Cpp/Advanced-Cpp/cmake-build-debug/CMakeFiles/CMakeTmp

Run Build Command:"/usr/bin/make" "cmTC_4146b/fast"
/usr/bin/make -f CMakeFiles/cmTC_4146b.dir/build.make CMakeFiles/cmTC_4146b.dir/build
make[1]: Entering directory '/home/behailu/Workspace/OpenCog/Advanced_Cpp/Advanced-Cpp/cmake-build-debug/CMakeFiles/CMakeTmp'
Building C object CMakeFiles/cmTC_4146b.dir/CheckFunctionExists.c.o
/usr/bin/cc   -DCHECK_FUNCTION_EXISTS=pthread_create   -o CMakeFiles/cmTC_4146b.dir/CheckFunctionExists.c.o   -c /home/behailu/Downloads/Setup/clion-2018.1.5/bin/cmake/share/cmake-3.10/Modules/CheckFunctionExists.c
Linking C executable cmTC_4146b
/home/behailu/Downloads/Setup/clion-2018.1.5/bin/cmake/bin/cmake -E cmake_link_script CMakeFiles/cmTC_4146b.dir/link.txt --verbose=1
/usr/bin/cc  -DCHECK_FUNCTION_EXISTS=pthread_create    CMakeFiles/cmTC_4146b.dir/CheckFunctionExists.c.o  -o cmTC_4146b -lpthreads 
/usr/local/bin/ld: cannot find -lpthreads
collect2: error: ld returned 1 exit status
CMakeFiles/cmTC_4146b.dir/build.make:97: recipe for target 'cmTC_4146b' failed
make[1]: *** [cmTC_4146b] Error 1
make[1]: Leaving directory '/home/behailu/Workspace/OpenCog/Advanced_Cpp/Advanced-Cpp/cmake-build-debug/CMakeFiles/CMakeTmp'
Makefile:126: recipe for target 'cmTC_4146b/fast' failed
make: *** [cmTC_4146b/fast] Error 2


